Дата и время вызова функции - 2023-09-11 18:55:23.423527
Имя функции - hello_world
Аргументы функции - ((), {})
Возвращаемое значение - Hello World
Дата и время вызова функции - 2023-09-11 18:55:23.423527
Имя функции - summator
Аргументы функции - ((2, 2), {})
Возвращаемое значение - 4
Дата и время вызова функции - 2023-09-11 18:55:23.423527
Имя функции - div
Аргументы функции - ((6, 2), {})
Возвращаемое значение - 3.0
Дата и время вызова функции - 2023-09-11 18:55:23.423527
Имя функции - summator
Аргументы функции - ((4.3,), {'b': 2.2})
Возвращаемое значение - 6.5
Дата и время вызова функции - 2023-09-11 18:55:23.425006
Имя функции - summator
Аргументы функции - ((), {'a': 0, 'b': 0})
Возвращаемое значение - 0
